Logfile initialized
[INFO] logfile = D:\Titanium_Studio_Workspace\githubClient\build.log
[DEBUG] D:\BB\bb-mobilesdk-win32\mobilesdk\win32\3.0.0\android\builder.py install githubClient D:\Sdk\WindowsSDK D:\Titanium_Studio_Workspace\githubClient com.titutorial.githubclient 5
[INFO] Titanium SDK version: 2.1.4 (11/09/12 12:46 51f2c64)
[DEBUG] Waiting for device to be ready ...
[TRACE] adb devices returned 1 devices/emulators
[DEBUG] Device connected... (waited 0 seconds)
[DEBUG] waited 0.120000 seconds on emulator to get ready
[DEBUG] com.titutorial.githubclient installed? False
[INFO] Copying CommonJS modules...
[INFO] Copying project resources..
[TRACE] COPYING MODIFIED FILE: D:\Titanium_Studio_Workspace\githubClient\Resources\userListing.js => D:\Titanium_Studio_Workspace\githubClient\build\android\bin\assets\Resources\userListing.js
[TRACE] Generating Java Classes
[DEBUG] Processing Android resource drawables
[DEBUG] copying app icon: D:\Titanium_Studio_Workspace\githubClient\build\android\bin\assets\Resources\appicon.png
[DEBUG] generating theme.xml
[DEBUG] found drawable-long-land-hdpi splash screen at D:\Titanium_Studio_Workspace\githubClient\Resources\android\images\res-long-land-hdpi\default.png
[DEBUG] copying D:\Titanium_Studio_Workspace\githubClient\Resources\android\images\res-long-land-hdpi\default.png splash screen to D:\Titanium_Studio_Workspace\githubClient\build\android\res\drawable-long-land-hdpi\background.png
[DEBUG] found drawable-long-land-ldpi splash screen at D:\Titanium_Studio_Workspace\githubClient\Resources\android\images\res-long-land-ldpi\default.png
[DEBUG] copying D:\Titanium_Studio_Workspace\githubClient\Resources\android\images\res-long-land-ldpi\default.png splash screen to D:\Titanium_Studio_Workspace\githubClient\build\android\res\drawable-long-land-ldpi\background.png
[DEBUG] found drawable-long-port-hdpi splash screen at D:\Titanium_Studio_Workspace\githubClient\Resources\android\images\res-long-port-hdpi\default.png
[DEBUG] copying D:\Titanium_Studio_Workspace\githubClient\Resources\android\images\res-long-port-hdpi\default.png splash screen to D:\Titanium_Studio_Workspace\githubClient\build\android\res\drawable-long-port-hdpi\background.png
[DEBUG] found drawable-long-port-ldpi splash screen at D:\Titanium_Studio_Workspace\githubClient\Resources\android\images\res-long-port-ldpi\default.png
[DEBUG] copying D:\Titanium_Studio_Workspace\githubClient\Resources\android\images\res-long-port-ldpi\default.png splash screen to D:\Titanium_Studio_Workspace\githubClient\build\android\res\drawable-long-port-ldpi\background.png
[DEBUG] found drawable-notlong-land-hdpi splash screen at D:\Titanium_Studio_Workspace\githubClient\Resources\android\images\res-notlong-land-hdpi\default.png
[DEBUG] copying D:\Titanium_Studio_Workspace\githubClient\Resources\android\images\res-notlong-land-hdpi\default.png splash screen to D:\Titanium_Studio_Workspace\githubClient\build\android\res\drawable-notlong-land-hdpi\background.png
[DEBUG] found drawable-notlong-land-ldpi splash screen at D:\Titanium_Studio_Workspace\githubClient\Resources\android\images\res-notlong-land-ldpi\default.png
[DEBUG] copying D:\Titanium_Studio_Workspace\githubClient\Resources\android\images\res-notlong-land-ldpi\default.png splash screen to D:\Titanium_Studio_Workspace\githubClient\build\android\res\drawable-notlong-land-ldpi\background.png
[DEBUG] found drawable-notlong-land-mdpi splash screen at D:\Titanium_Studio_Workspace\githubClient\Resources\android\images\res-notlong-land-mdpi\default.png
[DEBUG] copying D:\Titanium_Studio_Workspace\githubClient\Resources\android\images\res-notlong-land-mdpi\default.png splash screen to D:\Titanium_Studio_Workspace\githubClient\build\android\res\drawable-notlong-land-mdpi\background.png
[DEBUG] found drawable-notlong-port-hdpi splash screen at D:\Titanium_Studio_Workspace\githubClient\Resources\android\images\res-notlong-port-hdpi\default.png
[DEBUG] copying D:\Titanium_Studio_Workspace\githubClient\Resources\android\images\res-notlong-port-hdpi\default.png splash screen to D:\Titanium_Studio_Workspace\githubClient\build\android\res\drawable-notlong-port-hdpi\background.png
[DEBUG] found drawable-notlong-port-ldpi splash screen at D:\Titanium_Studio_Workspace\githubClient\Resources\android\images\res-notlong-port-ldpi\default.png
[DEBUG] copying D:\Titanium_Studio_Workspace\githubClient\Resources\android\images\res-notlong-port-ldpi\default.png splash screen to D:\Titanium_Studio_Workspace\githubClient\build\android\res\drawable-notlong-port-ldpi\background.png
[DEBUG] found drawable-notlong-port-mdpi splash screen at D:\Titanium_Studio_Workspace\githubClient\Resources\android\images\res-notlong-port-mdpi\default.png
[DEBUG] copying D:\Titanium_Studio_Workspace\githubClient\Resources\android\images\res-notlong-port-mdpi\default.png splash screen to D:\Titanium_Studio_Workspace\githubClient\build\android\res\drawable-notlong-port-mdpi\background.png
[DEBUG] found splash screen at D:\Titanium_Studio_Workspace\githubClient\build\android\bin\assets\Resources\default.png
[TRACE] Writing out AndroidManifest.xml
[DEBUG] adding D:\Titanium_Studio_Workspace\githubClient\build\android\gen\com\titutorial\githubclient\GithubclientActivity.java to javac build list
[DEBUG] adding D:\Titanium_Studio_Workspace\githubClient\build\android\gen\com\titutorial\githubclient\GithubclientAppInfo.java to javac build list
[DEBUG] adding D:\Titanium_Studio_Workspace\githubClient\build\android\gen\com\titutorial\githubclient\GithubclientApplication.java to javac build list
[DEBUG] adding D:\Titanium_Studio_Workspace\githubClient\build\android\gen\com\titutorial\githubclient\R.java to javac build list
[DEBUG] Building Java Sources: "D:\\Titanium_Studio_Workspace\\githubClient\\build\\android\\gen\\com\\titutorial\\githubclient\\GithubclientActivity.java" "D:\\Titanium_Studio_Workspace\\githubClient\\build\\android\\gen\\com\\titutorial\\githubclient\\GithubclientAppInfo.java" "D:\\Titanium_Studio_Workspace\\githubClient\\build\\android\\gen\\com\\titutorial\\githubclient\\GithubclientApplication.java" "D:\\Titanium_Studio_Workspace\\githubClient\\build\\android\\gen\\com\\titutorial\\githubclient\\R.java"
[INFO] Compiling Android Resources... This could take some time
[DEBUG] Android classes.dex built
[DEBUG] creating unsigned apk: D:\Titanium_Studio_Workspace\githubClient\build\android\bin\app-unsigned.apk
[DEBUG] from resource zip => assets/Resources/images/back_btn.png
[DEBUG] from resource zip => assets/Resources/images/fork_icon.png
[DEBUG] from resource zip => assets/Resources/images/nav_bg.png
[DEBUG] from resource zip => assets/Resources/images/user_icon.png
[DEBUG] from resource zip => assets/Resources/images/watch_icon.png
[DEBUG] from resource zip => assets/Resources/app.js
[DEBUG] from resource zip => assets/Resources/appicon.png
[DEBUG] from resource zip => assets/Resources/default.png
[DEBUG] from resource zip => assets/Resources/repoListing.js
[DEBUG] from resource zip => assets/Resources/search.js
[DEBUG] from resource zip => assets/Resources/userListing.js
[DEBUG] from resource zip => assets/app.json
[DEBUG] from resource zip => assets/index.json
[DEBUG] from resource zip => assets/tiapp.xml
[DEBUG] from resource zip => res/drawable/appicon.png
[DEBUG] from resource zip => res/drawable/background.png
[DEBUG] from resource zip => res/layout/titanium_tabgroup.xml
[DEBUG] from resource zip => AndroidManifest.xml
[DEBUG] from resource zip => resources.arsc
[DEBUG] from resource zip => res/drawable-long-land-hdpi/background.png
[DEBUG] from resource zip => res/drawable-long-land-ldpi/background.png
[DEBUG] from resource zip => res/drawable-long-port-hdpi/background.png
[DEBUG] from resource zip => res/drawable-long-port-ldpi/background.png
[DEBUG] from resource zip => res/drawable-notlong-land-hdpi/background.png
[DEBUG] from resource zip => res/drawable-notlong-land-ldpi/background.png
[DEBUG] from resource zip => res/drawable-notlong-land-mdpi/background.png
[DEBUG] from resource zip => res/drawable-notlong-port-hdpi/background.png
[DEBUG] from resource zip => res/drawable-notlong-port-ldpi/background.png
[DEBUG] from resource zip => res/drawable-notlong-port-mdpi/background.png
[DEBUG] from JAR D:\BB\bb-mobilesdk-win32\mobilesdk\win32\3.0.0\android\titanium.jar => org/appcelerator/titanium/build.properties
[DEBUG] from JAR D:\BB\bb-mobilesdk-win32\mobilesdk\win32\3.0.0\android\titanium.jar => org/appcelerator/titanium/res/drawable/background.png
[DEBUG] from JAR D:\BB\bb-mobilesdk-win32\mobilesdk\win32\3.0.0\android\titanium.jar => org/appcelerator/titanium/res/drawable/btn_check_buttonless_on.png
[DEBUG] from JAR D:\BB\bb-mobilesdk-win32\mobilesdk\win32\3.0.0\android\titanium.jar => org/appcelerator/titanium/res/drawable/btn_check_buttonless_on_18.png
[DEBUG] from JAR D:\BB\bb-mobilesdk-win32\mobilesdk\win32\3.0.0\android\titanium.jar => org/appcelerator/titanium/res/drawable/btn_check_buttonless_on_48.png
[DEBUG] from JAR D:\BB\bb-mobilesdk-win32\mobilesdk\win32\3.0.0\android\titanium.jar => org/appcelerator/titanium/res/drawable/btn_more.png
[DEBUG] from JAR D:\BB\bb-mobilesdk-win32\mobilesdk\win32\3.0.0\android\titanium.jar => org/appcelerator/titanium/res/drawable/btn_more_18.png
[DEBUG] from JAR D:\BB\bb-mobilesdk-win32\mobilesdk\win32\3.0.0\android\titanium.jar => org/appcelerator/titanium/res/drawable/btn_more_48.png
[DEBUG] from JAR D:\BB\bb-mobilesdk-win32\mobilesdk\win32\3.0.0\android\titanium.jar => org/appcelerator/titanium/res/drawable/btn_picker_normal.9.png
[DEBUG] from JAR D:\BB\bb-mobilesdk-win32\mobilesdk\win32\3.0.0\android\titanium.jar => org/appcelerator/titanium/res/drawable/btn_picker_pressed.9.png
[DEBUG] from JAR D:\BB\bb-mobilesdk-win32\mobilesdk\win32\3.0.0\android\titanium.jar => org/appcelerator/titanium/res/drawable/btn_picker_selected.9.png
[DEBUG] from JAR D:\BB\bb-mobilesdk-win32\mobilesdk\win32\3.0.0\android\titanium.jar => org/appcelerator/titanium/res/drawable/default_icon.png
[DEBUG] from JAR D:\BB\bb-mobilesdk-win32\mobilesdk\win32\3.0.0\android\titanium.jar => org/appcelerator/titanium/res/drawable/photoDefault.png
[DEBUG] from JAR D:\BB\bb-mobilesdk-win32\mobilesdk\win32\3.0.0\android\thirdparty.jar => org/apache/Commons-NOTICE.txt
[DEBUG] from JAR D:\BB\bb-mobilesdk-win32\mobilesdk\win32\3.0.0\android\thirdparty.jar => org/apache/HttpComponents-NOTICE.txt
[DEBUG] from JAR D:\BB\bb-mobilesdk-win32\mobilesdk\win32\3.0.0\android\thirdparty.jar => org/apache/mime4j-NOTICE.txt
[DEBUG] from JAR D:\BB\bb-mobilesdk-win32\mobilesdk\win32\3.0.0\android\modules\titanium-ui.jar => ti/modules/titanium/ui/widget/webview/binding.js
[DEBUG] from JAR D:\BB\bb-mobilesdk-win32\mobilesdk\win32\3.0.0\android\modules\titanium-ui.jar => ti/modules/titanium/ui/widget/webview/binding.min.js
[DEBUG] from JAR D:\BB\bb-mobilesdk-win32\mobilesdk\win32\3.0.0\android\modules\titanium-ui.jar => ti/modules/titanium/ui/widget/webview/json2.js
[DEBUG] from JAR D:\BB\bb-mobilesdk-win32\mobilesdk\win32\3.0.0\android\modules\titanium-ui.jar => ti/modules/titanium/ui/widget/webview/polling.js
[DEBUG] from JAR D:\BB\bb-mobilesdk-win32\mobilesdk\win32\3.0.0\android\modules\titanium-ui.jar => ti/modules/titanium/ui/widget/webview/polling.min.js
[DEBUG] installing native SDK libs
[DEBUG] Waiting for device to be ready ...
[TRACE] adb devices returned 1 devices/emulators
[DEBUG] Device connected... (waited 0 seconds)
[DEBUG] waited 0.211000 seconds on emulator to get ready
[INFO] Installing application on device
[INFO] Application installed. Launch from drawer on Home Screen
